Arguments: 
  /usr/local/bin/node /usr/local/bin/yarn init

PATH: 
  /usr/local/go/bin:/Users/DonokaMark/Documents/WorkSpace:/Library/Java/JavaVirtualMachines/jdk-12.0.1.jdk/Contents/Home/bin:/usr/local/bin:/usr/bin:/bin:/usr/sbin:/sbin::/Users/DonokaMark/Library/Android/sdk/tools:/Users/DonokaMark/Library/Android/sdk/platform-tools:/Users/DonokaMark/Documents/AndroidSDK/flutter/bin:/usr/local/mysql/bin

Yarn version: 
  1.22.17

Node version: 
  12.13.1

Platform: 
  darwin x64

Trace: 
  Error: canceled
      at Interface.<anonymous> (/usr/local/lib/node_modules/yarn/lib/cli.js:137143:13)
      at Interface.emit (events.js:210:5)
      at Interface._ttyWrite (readline.js:887:16)
      at ReadStream.onkeypress (readline.js:191:10)
      at ReadStream.emit (events.js:210:5)
      at emitKeys (internal/readline/utils.js:433:14)
      at emitKeys.next (<anonymous>)
      at ReadStream.onData (readline.js:1153:36)
      at ReadStream.emit (events.js:210:5)
      at addChunk (_stream_readable.js:309:12)

npm manifest: 
  No manifest

yarn manifest: 
  No manifest

Lockfile: 
  No lockfile
